[2025-05-12 09:48:50Z INFO HostContext] No proxy settings were found based on environmental variables (http_proxy/https_proxy/HTTP_PROXY/HTTPS_PROXY)
[2025-05-12 09:48:50Z INFO HostContext] Well known directory 'Bin': 'C:\Users\legen\OneDrive\Dokumenti\GitHub\GitHooks\actions-runner\bin'
[2025-05-12 09:48:50Z INFO HostContext] Well known directory 'Root': 'C:\Users\legen\OneDrive\Dokumenti\GitHub\GitHooks\actions-runner'
[2025-05-12 09:48:50Z INFO HostContext] Well known config file 'Credentials': 'C:\Users\legen\OneDrive\Dokumenti\GitHub\GitHooks\actions-runner\.credentials'
[2025-05-12 09:48:50Z INFO HostContext] Well known directory 'Bin': 'C:\Users\legen\OneDrive\Dokumenti\GitHub\GitHooks\actions-runner\bin'
[2025-05-12 09:48:50Z INFO HostContext] Well known directory 'Root': 'C:\Users\legen\OneDrive\Dokumenti\GitHub\GitHooks\actions-runner'
[2025-05-12 09:48:50Z INFO HostContext] Well known config file 'Runner': 'C:\Users\legen\OneDrive\Dokumenti\GitHub\GitHooks\actions-runner\.runner'
[2025-05-12 09:48:50Z INFO Listener] Runner is built for Windows (X64) - win-x64.
[2025-05-12 09:48:50Z INFO Listener] RuntimeInformation: Microsoft Windows 10.0.22631.
[2025-05-12 09:48:50Z INFO Listener] Version: 2.323.0
[2025-05-12 09:48:50Z INFO Listener] Commit: d8b82f44a9ec0258904d5869ae683c31d5aac299
[2025-05-12 09:48:50Z INFO Listener] Culture: en-GB
[2025-05-12 09:48:50Z INFO Listener] UI Culture: en-GB
[2025-05-12 09:48:50Z INFO HostContext] Well known directory 'Bin': 'C:\Users\legen\OneDrive\Dokumenti\GitHub\GitHooks\actions-runner\bin'
[2025-05-12 09:48:50Z INFO HostContext] Well known directory 'Root': 'C:\Users\legen\OneDrive\Dokumenti\GitHub\GitHooks\actions-runner'
[2025-05-12 09:48:50Z INFO Listener] Validating directory permissions for: 'C:\Users\legen\OneDrive\Dokumenti\GitHub\GitHooks\actions-runner'
[2025-05-12 09:48:50Z INFO CommandLineParser] Parse
[2025-05-12 09:48:50Z INFO CommandLineParser] Parsing 5 args
[2025-05-12 09:48:50Z INFO CommandLineParser] parsing argument
[2025-05-12 09:48:50Z INFO CommandLineParser] HasArgs: False
[2025-05-12 09:48:50Z INFO CommandLineParser] Adding Command: configure
[2025-05-12 09:48:50Z INFO CommandLineParser] parsing argument
[2025-05-12 09:48:50Z INFO CommandLineParser] HasArgs: True
[2025-05-12 09:48:50Z INFO CommandLineParser] arg: url
[2025-05-12 09:48:50Z INFO CommandLineParser] parsing argument
[2025-05-12 09:48:50Z INFO CommandLineParser] HasArgs: True
[2025-05-12 09:48:50Z INFO CommandLineParser] Adding option 'url': 'https://github.com/SenadSalkanovic2002/GitHooks'
[2025-05-12 09:48:50Z INFO CommandLineParser] parsing argument
[2025-05-12 09:48:50Z INFO CommandLineParser] HasArgs: True
[2025-05-12 09:48:50Z INFO CommandLineParser] arg: token
[2025-05-12 09:48:50Z INFO CommandLineParser] parsing argument
[2025-05-12 09:48:50Z INFO CommandLineParser] HasArgs: True
[2025-05-12 09:48:50Z INFO CommandLineParser] Adding option 'token': '***'
[2025-05-12 09:48:50Z INFO Listener] Arguments parsed
[2025-05-12 09:48:50Z INFO Runner] ExecuteCommand
[2025-05-12 09:48:50Z INFO ConfigurationStore] currentAssemblyLocation: C:\Users\legen\OneDrive\Dokumenti\GitHub\GitHooks\actions-runner\bin\Runner.Listener.dll
[2025-05-12 09:48:50Z INFO HostContext] Well known directory 'Bin': 'C:\Users\legen\OneDrive\Dokumenti\GitHub\GitHooks\actions-runner\bin'
[2025-05-12 09:48:50Z INFO ConfigurationStore] binPath: C:\Users\legen\OneDrive\Dokumenti\GitHub\GitHooks\actions-runner\bin
[2025-05-12 09:48:50Z INFO HostContext] Well known directory 'Bin': 'C:\Users\legen\OneDrive\Dokumenti\GitHub\GitHooks\actions-runner\bin'
[2025-05-12 09:48:50Z INFO HostContext] Well known directory 'Root': 'C:\Users\legen\OneDrive\Dokumenti\GitHub\GitHooks\actions-runner'
[2025-05-12 09:48:50Z INFO ConfigurationStore] RootFolder: C:\Users\legen\OneDrive\Dokumenti\GitHub\GitHooks\actions-runner
[2025-05-12 09:48:50Z INFO HostContext] Well known directory 'Bin': 'C:\Users\legen\OneDrive\Dokumenti\GitHub\GitHooks\actions-runner\bin'
[2025-05-12 09:48:50Z INFO HostContext] Well known directory 'Root': 'C:\Users\legen\OneDrive\Dokumenti\GitHub\GitHooks\actions-runner'
[2025-05-12 09:48:50Z INFO HostContext] Well known config file 'Runner': 'C:\Users\legen\OneDrive\Dokumenti\GitHub\GitHooks\actions-runner\.runner'
[2025-05-12 09:48:50Z INFO ConfigurationStore] ConfigFilePath: C:\Users\legen\OneDrive\Dokumenti\GitHub\GitHooks\actions-runner\.runner
[2025-05-12 09:48:50Z INFO HostContext] Well known directory 'Bin': 'C:\Users\legen\OneDrive\Dokumenti\GitHub\GitHooks\actions-runner\bin'
[2025-05-12 09:48:50Z INFO HostContext] Well known directory 'Root': 'C:\Users\legen\OneDrive\Dokumenti\GitHub\GitHooks\actions-runner'
[2025-05-12 09:48:50Z INFO HostContext] Well known config file 'MigratedRunner': 'C:\Users\legen\OneDrive\Dokumenti\GitHub\GitHooks\actions-runner\.runner_migrated'
[2025-05-12 09:48:50Z INFO ConfigurationStore] MigratedConfigFilePath: C:\Users\legen\OneDrive\Dokumenti\GitHub\GitHooks\actions-runner\.runner_migrated
[2025-05-12 09:48:50Z INFO HostContext] Well known directory 'Bin': 'C:\Users\legen\OneDrive\Dokumenti\GitHub\GitHooks\actions-runner\bin'
[2025-05-12 09:48:50Z INFO HostContext] Well known directory 'Root': 'C:\Users\legen\OneDrive\Dokumenti\GitHub\GitHooks\actions-runner'
[2025-05-12 09:48:50Z INFO HostContext] Well known config file 'Credentials': 'C:\Users\legen\OneDrive\Dokumenti\GitHub\GitHooks\actions-runner\.credentials'
[2025-05-12 09:48:50Z INFO ConfigurationStore] CredFilePath: C:\Users\legen\OneDrive\Dokumenti\GitHub\GitHooks\actions-runner\.credentials
[2025-05-12 09:48:50Z INFO HostContext] Well known directory 'Bin': 'C:\Users\legen\OneDrive\Dokumenti\GitHub\GitHooks\actions-runner\bin'
[2025-05-12 09:48:50Z INFO HostContext] Well known directory 'Root': 'C:\Users\legen\OneDrive\Dokumenti\GitHub\GitHooks\actions-runner'
[2025-05-12 09:48:50Z INFO HostContext] Well known config file 'MigratedCredentials': 'C:\Users\legen\OneDrive\Dokumenti\GitHub\GitHooks\actions-runner\.credentials_migrated'
[2025-05-12 09:48:50Z INFO ConfigurationStore] MigratedCredFilePath: C:\Users\legen\OneDrive\Dokumenti\GitHub\GitHooks\actions-runner\.credentials_migrated
[2025-05-12 09:48:50Z INFO HostContext] Well known directory 'Bin': 'C:\Users\legen\OneDrive\Dokumenti\GitHub\GitHooks\actions-runner\bin'
[2025-05-12 09:48:50Z INFO HostContext] Well known directory 'Root': 'C:\Users\legen\OneDrive\Dokumenti\GitHub\GitHooks\actions-runner'
[2025-05-12 09:48:50Z INFO HostContext] Well known config file 'Service': 'C:\Users\legen\OneDrive\Dokumenti\GitHub\GitHooks\actions-runner\.service'
[2025-05-12 09:48:50Z INFO ConfigurationStore] ServiceConfigFilePath: C:\Users\legen\OneDrive\Dokumenti\GitHub\GitHooks\actions-runner\.service
[2025-05-12 09:48:50Z INFO CommandSettings] Flag 'help': 'False'
[2025-05-12 09:48:50Z INFO CommandSettings] Flag 'version': 'False'
[2025-05-12 09:48:50Z INFO CommandSettings] Flag 'commit': 'False'
[2025-05-12 09:48:50Z INFO CommandSettings] Flag 'check': 'False'
[2025-05-12 09:48:50Z INFO CommandSettings] Command 'configure': 'True'
[2025-05-12 09:48:50Z INFO Terminal] WRITE LINE: 
[2025-05-12 09:48:50Z INFO Terminal] WRITE LINE: --------------------------------------------------------------------------------
[2025-05-12 09:48:50Z INFO Terminal] WRITE LINE: |        ____ _ _   _   _       _          _        _   _                      |
[2025-05-12 09:48:50Z INFO Terminal] WRITE LINE: |       / ___(_) |_| | | |_   _| |__      / \   ___| |_(_) ___  _ __  ___      |
[2025-05-12 09:48:50Z INFO Terminal] WRITE LINE: |      | |  _| | __| |_| | | | | '_ \    / _ \ / __| __| |/ _ \| '_ \/ __|     |
[2025-05-12 09:48:50Z INFO Terminal] WRITE LINE: |      | |_| | | |_|  _  | |_| | |_) |  / ___ \ (__| |_| | (_) | | | \__ \     |
[2025-05-12 09:48:50Z INFO Terminal] WRITE LINE: |       \____|_|\__|_| |_|\__,_|_.__/  /_/   \_\___|\__|_|\___/|_| |_|___/     |
[2025-05-12 09:48:50Z INFO Terminal] WRITE LINE: |                                                                              |
[2025-05-12 09:48:50Z INFO Terminal] WRITE: |                       
[2025-05-12 09:48:50Z INFO Terminal] WRITE: Self-hosted runner registration
[2025-05-12 09:48:50Z INFO Terminal] WRITE LINE:                         |
[2025-05-12 09:48:50Z INFO Terminal] WRITE LINE: |                                                                              |
[2025-05-12 09:48:50Z INFO Terminal] WRITE LINE: --------------------------------------------------------------------------------
[2025-05-12 09:48:50Z INFO ConfigurationManager] ConfigureAsync
[2025-05-12 09:48:50Z INFO CommandSettings] Flag 'generateServiceConfig': 'False'
[2025-05-12 09:48:50Z INFO ConfigurationStore] IsConfigured()
[2025-05-12 09:48:50Z INFO ConfigurationStore] IsConfigured: False
[2025-05-12 09:48:50Z INFO ConfigurationManager] Is configured: False
[2025-05-12 09:48:50Z INFO CommandSettings] Arg 'url': 'https://github.com/SenadSalkanovic2002/GitHooks'
[2025-05-12 09:48:50Z INFO CommandSettings] Remove url from Arg dictionary.
[2025-05-12 09:48:50Z INFO CommandSettings] Arg 'token': '***'
[2025-05-12 09:48:50Z INFO CommandSettings] Remove token from Arg dictionary.
[2025-05-12 09:48:51Z INFO ConfigurationManager] Http response code: OK from 'POST https://api.github.com/actions/runner-registration' (4E6E:336DF8:AE7DCC:B1EA5A:6821C489)
[2025-05-12 09:48:51Z INFO ConfigurationManager] Using V2 flow: False
[2025-05-12 09:48:51Z INFO ConfigurationManager] cred retrieved via GitHub auth
[2025-05-12 09:48:51Z INFO RunnerServer] EstablishVssConnection
[2025-05-12 09:48:51Z INFO RunnerServer] Establish connection with 100 seconds timeout.
[2025-05-12 09:48:51Z INFO GitHubActionsService] Starting operation Location.GetConnectionData
[2025-05-12 09:48:51Z INFO RunnerServer] EstablishVssConnection
[2025-05-12 09:48:51Z INFO RunnerServer] Establish connection with 60 seconds timeout.
[2025-05-12 09:48:51Z INFO GitHubActionsService] Starting operation Location.GetConnectionData
[2025-05-12 09:48:51Z INFO RunnerServer] EstablishVssConnection
[2025-05-12 09:48:51Z INFO RunnerServer] Establish connection with 60 seconds timeout.
[2025-05-12 09:48:51Z INFO GitHubActionsService] Starting operation Location.GetConnectionData
[2025-05-12 09:48:52Z INFO GitHubActionsService] Finished operation Location.GetConnectionData
[2025-05-12 09:48:52Z INFO GitHubActionsService] Finished operation Location.GetConnectionData
[2025-05-12 09:48:52Z INFO GitHubActionsService] Finished operation Location.GetConnectionData
[2025-05-12 09:48:53Z INFO Terminal] WRITE LINE: 
[2025-05-12 09:48:53Z INFO ConfigurationManager] Test Connection complete.
[2025-05-12 09:48:53Z INFO HostContext] Well known directory 'Bin': 'C:\Users\legen\OneDrive\Dokumenti\GitHub\GitHooks\actions-runner\bin'
[2025-05-12 09:48:53Z INFO HostContext] Well known directory 'Root': 'C:\Users\legen\OneDrive\Dokumenti\GitHub\GitHooks\actions-runner'
[2025-05-12 09:48:53Z INFO HostContext] Well known config file 'RSACredentials': 'C:\Users\legen\OneDrive\Dokumenti\GitHub\GitHooks\actions-runner\.credentials_rsaparams'
[2025-05-12 09:48:53Z INFO RSAEncryptedFileKeyManager] Creating new RSA key using 2048-bit key length
[2025-05-12 09:48:53Z INFO RSAEncryptedFileKeyManager] Successfully saved RSA key parameters to file C:\Users\legen\OneDrive\Dokumenti\GitHub\GitHooks\actions-runner\.credentials_rsaparams
[2025-05-12 09:48:53Z INFO CommandSettings] Arg 'runnergroup': ''
[2025-05-12 09:48:53Z INFO CommandSettings] Flag 'unattended': 'False'
[2025-05-12 09:48:53Z INFO PromptManager] ReadValue
[2025-05-12 09:48:53Z INFO Terminal] WRITE: Enter the name of the runner group to add this runner to: 
[2025-05-12 09:48:53Z INFO Terminal] WRITE: [press Enter for Default] 
[2025-05-12 09:48:53Z INFO Terminal] READ LINE
[2025-05-12 09:48:55Z INFO Terminal] Read value: ''
[2025-05-12 09:48:55Z INFO PromptManager] Falling back to the default: 'Default'
[2025-05-12 09:48:55Z INFO Terminal] WRITE LINE: 
[2025-05-12 09:48:55Z INFO ConfigurationManager] Found a self-hosted runner group with id 1 and name Default
[2025-05-12 09:48:55Z INFO CommandSettings] Flag 'disableupdate': 'False'
[2025-05-12 09:48:55Z INFO CommandSettings] Flag 'ephemeral': 'False'
[2025-05-12 09:48:55Z INFO CommandSettings] Arg 'name': ''
[2025-05-12 09:48:55Z INFO CommandSettings] Flag 'unattended': 'False'
[2025-05-12 09:48:55Z INFO PromptManager] ReadValue
[2025-05-12 09:48:55Z INFO Terminal] WRITE: Enter the name of runner: 
[2025-05-12 09:48:55Z INFO Terminal] WRITE: [press Enter for SENAD] 
[2025-05-12 09:48:55Z INFO Terminal] READ LINE
[2025-05-12 09:48:56Z INFO Terminal] Read value: ''
[2025-05-12 09:48:56Z INFO PromptManager] Falling back to the default: 'SENAD'
[2025-05-12 09:48:56Z INFO Terminal] WRITE LINE: 
[2025-05-12 09:48:56Z INFO CommandSettings] Arg 'labels': ''
[2025-05-12 09:48:56Z INFO CommandSettings] Flag 'unattended': 'False'
[2025-05-12 09:48:56Z INFO PromptManager] ReadValue
[2025-05-12 09:48:56Z INFO Terminal] WRITE: This runner will have the following labels: 'self-hosted', 'Windows', 'X64' 
Enter any additional labels (ex. label-1,label-2): 
[2025-05-12 09:48:56Z INFO Terminal] WRITE: [press Enter to skip] 
[2025-05-12 09:48:56Z INFO Terminal] READ LINE
[2025-05-12 09:49:01Z INFO Terminal] Read value: ''
[2025-05-12 09:49:01Z INFO Terminal] WRITE LINE: 
[2025-05-12 09:49:01Z INFO CommandSettings] Flag 'disableupdate': 'False'
[2025-05-12 09:49:01Z INFO CommandSettings] Flag 'no-default-labels': 'False'
[2025-05-12 09:49:02Z INFO CommandSettings] Flag 'disableupdate': 'False'
[2025-05-12 09:49:02Z INFO CommandSettings] Flag 'ephemeral': 'False'
[2025-05-12 09:49:02Z INFO ConfigurationStore] Saving OAuth credential @ C:\Users\legen\OneDrive\Dokumenti\GitHub\GitHooks\actions-runner\.credentials
[2025-05-12 09:49:02Z INFO ConfigurationStore] Credentials Saved.
[2025-05-12 09:49:02Z INFO ConfigurationStore] HasCredentials()
[2025-05-12 09:49:02Z INFO ConfigurationStore] stored True
[2025-05-12 09:49:02Z INFO CredentialManager] GetCredentialProvider
[2025-05-12 09:49:02Z INFO CredentialManager] Creating type OAuth
[2025-05-12 09:49:02Z INFO CredentialManager] Creating credential type: OAuth
[2025-05-12 09:49:02Z INFO RSAEncryptedFileKeyManager] Loading RSA key parameters from file C:\Users\legen\OneDrive\Dokumenti\GitHub\GitHooks\actions-runner\.credentials_rsaparams
[2025-05-12 09:49:02Z INFO RunnerServer] EstablishVssConnection
[2025-05-12 09:49:02Z INFO RunnerServer] Establish connection with 100 seconds timeout.
[2025-05-12 09:49:02Z INFO GitHubActionsService] Starting operation Location.GetConnectionData
[2025-05-12 09:49:02Z INFO RunnerServer] EstablishVssConnection
[2025-05-12 09:49:02Z INFO RunnerServer] Establish connection with 60 seconds timeout.
[2025-05-12 09:49:02Z INFO GitHubActionsService] Starting operation Location.GetConnectionData
[2025-05-12 09:49:02Z INFO RunnerServer] EstablishVssConnection
[2025-05-12 09:49:02Z INFO RunnerServer] Establish connection with 60 seconds timeout.
[2025-05-12 09:49:02Z INFO GitHubActionsService] Starting operation Location.GetConnectionData
[2025-05-12 09:49:03Z INFO GitHubActionsService] Finished operation Location.GetConnectionData
[2025-05-12 09:49:03Z INFO GitHubActionsService] Finished operation Location.GetConnectionData
[2025-05-12 09:49:03Z INFO GitHubActionsService] Finished operation Location.GetConnectionData
[2025-05-12 09:49:03Z INFO RSAEncryptedFileKeyManager] Loading RSA key parameters from file C:\Users\legen\OneDrive\Dokumenti\GitHub\GitHooks\actions-runner\.credentials_rsaparams
[2025-05-12 09:49:03Z INFO RSAEncryptedFileKeyManager] Loading RSA key parameters from file C:\Users\legen\OneDrive\Dokumenti\GitHub\GitHooks\actions-runner\.credentials_rsaparams
[2025-05-12 09:49:04Z INFO GitHubActionsService] AAD Correlation ID for this token request: Unknown
[2025-05-12 09:49:04Z INFO CommandSettings] Arg 'work': ''
[2025-05-12 09:49:04Z INFO CommandSettings] Flag 'unattended': 'False'
[2025-05-12 09:49:04Z INFO PromptManager] ReadValue
[2025-05-12 09:49:04Z INFO Terminal] WRITE: Enter name of work folder: 
[2025-05-12 09:49:04Z INFO Terminal] WRITE: [press Enter for _work] 
[2025-05-12 09:49:04Z INFO Terminal] READ LINE
[2025-05-12 09:49:22Z INFO Terminal] Read value: 'GitHooks'
[2025-05-12 09:49:22Z INFO ConfigurationStore] Saving runner settings.
[2025-05-12 09:49:22Z INFO ConfigurationStore] Settings Saved.
[2025-05-12 09:49:22Z INFO Terminal] WRITE LINE: 
[2025-05-12 09:49:22Z INFO Terminal] WRITE LINE: 
[2025-05-12 09:49:22Z INFO CommandSettings] Flag 'runasservice': 'False'
[2025-05-12 09:49:22Z INFO CommandSettings] Flag 'unattended': 'False'
[2025-05-12 09:49:22Z INFO PromptManager] ReadValue
[2025-05-12 09:49:22Z INFO Terminal] WRITE: Would you like to run the runner as service? (Y/N) 
[2025-05-12 09:49:22Z INFO Terminal] WRITE: [press Enter for N] 
[2025-05-12 09:49:22Z INFO Terminal] READ LINE
[2025-05-12 09:49:27Z INFO Terminal] Read value: 'y'
[2025-05-12 09:49:27Z INFO ConfigurationManager] Configuring to run the agent as service
[2025-05-12 09:49:27Z INFO CommandSettings] Arg 'windowslogonaccount': ''
[2025-05-12 09:49:27Z INFO CommandSettings] Flag 'unattended': 'False'
[2025-05-12 09:49:27Z INFO PromptManager] ReadValue
[2025-05-12 09:49:27Z INFO Terminal] WRITE: User account to use for the service 
[2025-05-12 09:49:27Z INFO Terminal] WRITE: [press Enter for NT-AUTORITÄT\Netzwerkdienst] 
[2025-05-12 09:49:27Z INFO Terminal] READ LINE
[2025-05-12 09:49:31Z INFO Terminal] Read value: ''
[2025-05-12 09:49:31Z INFO PromptManager] Falling back to the default: 'NT-AUTORITÄT\Netzwerkdienst'
[2025-05-12 09:49:31Z INFO WindowsServiceControlManager] LogonAccount after transforming: NT-AUTORITÄT\Netzwerkdienst, user: Netzwerkdienst, domain: NT-AUTORITÄT
[2025-05-12 09:49:31Z INFO WindowsServiceControlManager] Service name 'actions.runner.SenadSalkanovic2002-GitHooks.SENAD' display name 'GitHub Actions Runner (SenadSalkanovic2002-GitHooks.SENAD)' will be used for service configuration.
[2025-05-12 09:49:31Z INFO WindowsServiceControlManager] Verifying if the account has LogonAsService permission
[2025-05-12 09:49:31Z INFO NativeWindowsServiceHelper] Successfully grant logon as service privilege to account 'Netzwerkdienst'
[2025-05-12 09:49:31Z INFO WindowsServiceControlManager] Create local group and grant folder permission to service logon account.
[2025-05-12 09:49:31Z INFO HostContext] Well known directory 'Bin': 'C:\Users\legen\OneDrive\Dokumenti\GitHub\GitHooks\actions-runner\bin'
[2025-05-12 09:49:31Z INFO HostContext] Well known directory 'Root': 'C:\Users\legen\OneDrive\Dokumenti\GitHub\GitHooks\actions-runner'
[2025-05-12 09:49:31Z INFO ConfigurationStore] Read setting file: 311 chars
[2025-05-12 09:49:31Z INFO HostContext] Well known directory 'Bin': 'C:\Users\legen\OneDrive\Dokumenti\GitHub\GitHooks\actions-runner\bin'
[2025-05-12 09:49:31Z INFO HostContext] Well known directory 'Root': 'C:\Users\legen\OneDrive\Dokumenti\GitHub\GitHooks\actions-runner'
[2025-05-12 09:49:31Z INFO HostContext] Well known directory 'Work': 'C:\Users\legen\OneDrive\Dokumenti\GitHub\GitHooks\actions-runner\GitHooks'
[2025-05-12 09:49:31Z INFO HostContext] Well known directory 'Bin': 'C:\Users\legen\OneDrive\Dokumenti\GitHub\GitHooks\actions-runner\bin'
[2025-05-12 09:49:31Z INFO NativeWindowsServiceHelper] Calculated unique group name GITHUB_ActionsRunner_Ge6e41
[2025-05-12 09:49:31Z INFO NativeWindowsServiceHelper] Trying to create group GITHUB_ActionsRunner_Ge6e41
[2025-05-12 09:49:31Z INFO NativeWindowsServiceHelper] Local Group 'GITHUB_ActionsRunner_Ge6e41' created
[2025-05-12 09:49:31Z INFO NativeWindowsServiceHelper] Trying to add userName NT-AUTORITÄT\Netzwerkdienst to the group GITHUB_ActionsRunner_Ge6e41
[2025-05-12 09:49:31Z INFO NativeWindowsServiceHelper] Account 'NT-AUTORITÄT\Netzwerkdienst' is added to local group 'GITHUB_ActionsRunner_Ge6e41'.
[2025-05-12 09:49:31Z INFO NativeWindowsServiceHelper] Set full access control to group for the folder C:\Users\legen\OneDrive\Dokumenti\GitHub\GitHooks\actions-runner
[2025-05-12 09:49:32Z INFO NativeWindowsServiceHelper] Set full access control to group for the folder C:\Users\legen\OneDrive\Dokumenti\GitHub\GitHooks\actions-runner\GitHooks
[2025-05-12 09:49:32Z INFO NativeWindowsServiceHelper] Local group 'GITHUB_ActionsRunner_Ge6e41' already has full control to path 'C:\Users\legen\OneDrive\Dokumenti\GitHub\GitHooks\actions-runner\GitHooks'.
[2025-05-12 09:49:32Z INFO Terminal] WRITE LINE: Granting file permissions to 'NT-AUTORITÄT\Netzwerkdienst'.
[2025-05-12 09:49:32Z INFO HostContext] Well known directory 'Bin': 'C:\Users\legen\OneDrive\Dokumenti\GitHub\GitHooks\actions-runner\bin'
[2025-05-12 09:49:32Z INFO ProcessInvokerWrapper] Starting process:
[2025-05-12 09:49:32Z INFO ProcessInvokerWrapper]   File name: '"C:\Users\legen\OneDrive\Dokumenti\GitHub\GitHooks\actions-runner\bin\RunnerService.exe"'
[2025-05-12 09:49:32Z INFO ProcessInvokerWrapper]   Arguments: 'init'
[2025-05-12 09:49:32Z INFO ProcessInvokerWrapper]   Working directory: ''
[2025-05-12 09:49:32Z INFO ProcessInvokerWrapper]   Require exit code zero: 'True'
[2025-05-12 09:49:32Z INFO ProcessInvokerWrapper]   Encoding web name:  ; code page: ''
[2025-05-12 09:49:32Z INFO ProcessInvokerWrapper]   Force kill process on cancellation: 'False'
[2025-05-12 09:49:32Z INFO ProcessInvokerWrapper]   Redirected STDIN: 'False'
[2025-05-12 09:49:32Z INFO ProcessInvokerWrapper]   Persist current code page: 'False'
[2025-05-12 09:49:32Z INFO ProcessInvokerWrapper]   Keep redirected STDIN open: 'False'
[2025-05-12 09:49:32Z INFO ProcessInvokerWrapper]   High priority process: 'False'
[2025-05-12 09:49:32Z INFO ProcessInvokerWrapper] Process started with process id 19312, waiting for process exit.
[2025-05-12 09:49:32Z INFO ProcessInvokerWrapper] STDOUT/STDERR stream read finished.
[2025-05-12 09:49:32Z INFO ProcessInvokerWrapper] STDOUT/STDERR stream read finished.
[2025-05-12 09:49:32Z INFO ProcessInvokerWrapper] Finished process 19312 with exit code 0, and elapsed time 00:00:00.1367687.
[2025-05-12 09:49:32Z INFO Terminal] WRITE LINE: Service actions.runner.SenadSalkanovic2002-GitHooks.SENAD successfully installed
[2025-05-12 09:49:32Z INFO Terminal] WRITE LINE: Service actions.runner.SenadSalkanovic2002-GitHooks.SENAD successfully set recovery option
[2025-05-12 09:49:32Z INFO Terminal] WRITE LINE: Service actions.runner.SenadSalkanovic2002-GitHooks.SENAD successfully set to delayed auto start
[2025-05-12 09:49:32Z INFO Terminal] WRITE LINE: Service actions.runner.SenadSalkanovic2002-GitHooks.SENAD successfully configured
[2025-05-12 09:49:32Z INFO HostContext] Well known directory 'Bin': 'C:\Users\legen\OneDrive\Dokumenti\GitHub\GitHooks\actions-runner\bin'
[2025-05-12 09:49:32Z INFO HostContext] Well known directory 'Root': 'C:\Users\legen\OneDrive\Dokumenti\GitHub\GitHooks\actions-runner'
[2025-05-12 09:49:32Z INFO HostContext] Well known config file 'Service': 'C:\Users\legen\OneDrive\Dokumenti\GitHub\GitHooks\actions-runner\.service'
[2025-05-12 09:49:32Z INFO WindowsServiceControlManager] Configuration was successful, trying to start the service
[2025-05-12 09:49:32Z ERR  NativeWindowsServiceHelper] System.InvalidOperationException: Cannot start service 'actions.runner.SenadSalkanovic2002-GitHooks.SENAD' on computer '.'.
 ---> System.ComponentModel.Win32Exception (1068): The dependency service or group failed to start.
   --- End of inner exception stack trace ---
   at System.ServiceProcess.ServiceController.Start(String[] args)
   at System.ServiceProcess.ServiceController.Start()
   at GitHub.Runner.Listener.Configuration.NativeWindowsServiceHelper.StartService(String serviceName)
[2025-05-12 09:49:32Z ERR  NativeWindowsServiceHelper] #####################################################
[2025-05-12 09:49:32Z ERR  NativeWindowsServiceHelper] System.ComponentModel.Win32Exception (1068): The dependency service or group failed to start.
[2025-05-12 09:49:32Z ERR  Terminal] WRITE ERROR: Cannot start the service. Check the logs for more details.
[2025-05-12 09:49:32Z ERR  Runner] System.InvalidOperationException: Cannot start service 'actions.runner.SenadSalkanovic2002-GitHooks.SENAD' on computer '.'.
 ---> System.ComponentModel.Win32Exception (1068): The dependency service or group failed to start.
   --- End of inner exception stack trace ---
   at System.ServiceProcess.ServiceController.Start(String[] args)
   at System.ServiceProcess.ServiceController.Start()
   at GitHub.Runner.Listener.Configuration.NativeWindowsServiceHelper.StartService(String serviceName)
   at GitHub.Runner.Listener.Configuration.WindowsServiceControlManager.ConfigureService(RunnerSettings settings, CommandSettings command)
   at GitHub.Runner.Listener.Configuration.ConfigurationManager.ConfigureAsync(CommandSettings command)
   at GitHub.Runner.Listener.Runner.ExecuteCommand(CommandSettings command)
[2025-05-12 09:49:32Z ERR  Runner] #####################################################
[2025-05-12 09:49:32Z ERR  Runner] System.ComponentModel.Win32Exception (1068): The dependency service or group failed to start.
[2025-05-12 09:49:32Z ERR  Terminal] WRITE ERROR: Cannot start service 'actions.runner.SenadSalkanovic2002-GitHooks.SENAD' on computer '.'.
[2025-05-12 09:49:32Z INFO Listener] Runner execution has finished with return code 1
