[2025-05-12 09:49:39Z INFO HostContext] No proxy settings were found based on environmental variables (http_proxy/https_proxy/HTTP_PROXY/HTTPS_PROXY)
[2025-05-12 09:49:39Z INFO HostContext] Well known directory 'Bin': 'C:\Users\legen\OneDrive\Dokumenti\GitHub\GitHooks\actions-runner\bin'
[2025-05-12 09:49:39Z INFO HostContext] Well known directory 'Root': 'C:\Users\legen\OneDrive\Dokumenti\GitHub\GitHooks\actions-runner'
[2025-05-12 09:49:39Z INFO HostContext] Well known config file 'Credentials': 'C:\Users\legen\OneDrive\Dokumenti\GitHub\GitHooks\actions-runner\.credentials'
[2025-05-12 09:49:40Z INFO HostContext] Well known directory 'Bin': 'C:\Users\legen\OneDrive\Dokumenti\GitHub\GitHooks\actions-runner\bin'
[2025-05-12 09:49:40Z INFO HostContext] Well known directory 'Root': 'C:\Users\legen\OneDrive\Dokumenti\GitHub\GitHooks\actions-runner'
[2025-05-12 09:49:40Z INFO HostContext] Well known config file 'Runner': 'C:\Users\legen\OneDrive\Dokumenti\GitHub\GitHooks\actions-runner\.runner'
[2025-05-12 09:49:40Z INFO Listener] Runner is built for Windows (X64) - win-x64.
[2025-05-12 09:49:40Z INFO Listener] RuntimeInformation: Microsoft Windows 10.0.22631.
[2025-05-12 09:49:40Z INFO Listener] Version: 2.323.0
[2025-05-12 09:49:40Z INFO Listener] Commit: d8b82f44a9ec0258904d5869ae683c31d5aac299
[2025-05-12 09:49:40Z INFO Listener] Culture: en-GB
[2025-05-12 09:49:40Z INFO Listener] UI Culture: en-GB
[2025-05-12 09:49:40Z INFO HostContext] Well known directory 'Bin': 'C:\Users\legen\OneDrive\Dokumenti\GitHub\GitHooks\actions-runner\bin'
[2025-05-12 09:49:40Z INFO HostContext] Well known directory 'Root': 'C:\Users\legen\OneDrive\Dokumenti\GitHub\GitHooks\actions-runner'
[2025-05-12 09:49:40Z INFO Listener] Validating directory permissions for: 'C:\Users\legen\OneDrive\Dokumenti\GitHub\GitHooks\actions-runner'
[2025-05-12 09:49:40Z INFO CommandLineParser] Parse
[2025-05-12 09:49:40Z INFO CommandLineParser] Parsing 1 args
[2025-05-12 09:49:40Z INFO CommandLineParser] parsing argument
[2025-05-12 09:49:40Z INFO CommandLineParser] HasArgs: False
[2025-05-12 09:49:40Z INFO CommandLineParser] Adding Command: run
[2025-05-12 09:49:40Z INFO Listener] Arguments parsed
[2025-05-12 09:49:40Z INFO Runner] ExecuteCommand
[2025-05-12 09:49:40Z INFO ConfigurationStore] currentAssemblyLocation: C:\Users\legen\OneDrive\Dokumenti\GitHub\GitHooks\actions-runner\bin\Runner.Listener.dll
[2025-05-12 09:49:40Z INFO HostContext] Well known directory 'Bin': 'C:\Users\legen\OneDrive\Dokumenti\GitHub\GitHooks\actions-runner\bin'
[2025-05-12 09:49:40Z INFO ConfigurationStore] binPath: C:\Users\legen\OneDrive\Dokumenti\GitHub\GitHooks\actions-runner\bin
[2025-05-12 09:49:40Z INFO HostContext] Well known directory 'Bin': 'C:\Users\legen\OneDrive\Dokumenti\GitHub\GitHooks\actions-runner\bin'
[2025-05-12 09:49:40Z INFO HostContext] Well known directory 'Root': 'C:\Users\legen\OneDrive\Dokumenti\GitHub\GitHooks\actions-runner'
[2025-05-12 09:49:40Z INFO ConfigurationStore] RootFolder: C:\Users\legen\OneDrive\Dokumenti\GitHub\GitHooks\actions-runner
[2025-05-12 09:49:40Z INFO HostContext] Well known directory 'Bin': 'C:\Users\legen\OneDrive\Dokumenti\GitHub\GitHooks\actions-runner\bin'
[2025-05-12 09:49:40Z INFO HostContext] Well known directory 'Root': 'C:\Users\legen\OneDrive\Dokumenti\GitHub\GitHooks\actions-runner'
[2025-05-12 09:49:40Z INFO HostContext] Well known config file 'Runner': 'C:\Users\legen\OneDrive\Dokumenti\GitHub\GitHooks\actions-runner\.runner'
[2025-05-12 09:49:40Z INFO ConfigurationStore] ConfigFilePath: C:\Users\legen\OneDrive\Dokumenti\GitHub\GitHooks\actions-runner\.runner
[2025-05-12 09:49:40Z INFO HostContext] Well known directory 'Bin': 'C:\Users\legen\OneDrive\Dokumenti\GitHub\GitHooks\actions-runner\bin'
[2025-05-12 09:49:40Z INFO HostContext] Well known directory 'Root': 'C:\Users\legen\OneDrive\Dokumenti\GitHub\GitHooks\actions-runner'
[2025-05-12 09:49:40Z INFO HostContext] Well known config file 'MigratedRunner': 'C:\Users\legen\OneDrive\Dokumenti\GitHub\GitHooks\actions-runner\.runner_migrated'
[2025-05-12 09:49:40Z INFO ConfigurationStore] MigratedConfigFilePath: C:\Users\legen\OneDrive\Dokumenti\GitHub\GitHooks\actions-runner\.runner_migrated
[2025-05-12 09:49:40Z INFO HostContext] Well known directory 'Bin': 'C:\Users\legen\OneDrive\Dokumenti\GitHub\GitHooks\actions-runner\bin'
[2025-05-12 09:49:40Z INFO HostContext] Well known directory 'Root': 'C:\Users\legen\OneDrive\Dokumenti\GitHub\GitHooks\actions-runner'
[2025-05-12 09:49:40Z INFO HostContext] Well known config file 'Credentials': 'C:\Users\legen\OneDrive\Dokumenti\GitHub\GitHooks\actions-runner\.credentials'
[2025-05-12 09:49:40Z INFO ConfigurationStore] CredFilePath: C:\Users\legen\OneDrive\Dokumenti\GitHub\GitHooks\actions-runner\.credentials
[2025-05-12 09:49:40Z INFO HostContext] Well known directory 'Bin': 'C:\Users\legen\OneDrive\Dokumenti\GitHub\GitHooks\actions-runner\bin'
[2025-05-12 09:49:40Z INFO HostContext] Well known directory 'Root': 'C:\Users\legen\OneDrive\Dokumenti\GitHub\GitHooks\actions-runner'
[2025-05-12 09:49:40Z INFO HostContext] Well known config file 'MigratedCredentials': 'C:\Users\legen\OneDrive\Dokumenti\GitHub\GitHooks\actions-runner\.credentials_migrated'
[2025-05-12 09:49:40Z INFO ConfigurationStore] MigratedCredFilePath: C:\Users\legen\OneDrive\Dokumenti\GitHub\GitHooks\actions-runner\.credentials_migrated
[2025-05-12 09:49:40Z INFO HostContext] Well known directory 'Bin': 'C:\Users\legen\OneDrive\Dokumenti\GitHub\GitHooks\actions-runner\bin'
[2025-05-12 09:49:40Z INFO HostContext] Well known directory 'Root': 'C:\Users\legen\OneDrive\Dokumenti\GitHub\GitHooks\actions-runner'
[2025-05-12 09:49:40Z INFO HostContext] Well known config file 'Service': 'C:\Users\legen\OneDrive\Dokumenti\GitHub\GitHooks\actions-runner\.service'
[2025-05-12 09:49:40Z INFO ConfigurationStore] ServiceConfigFilePath: C:\Users\legen\OneDrive\Dokumenti\GitHub\GitHooks\actions-runner\.service
[2025-05-12 09:49:40Z INFO CommandSettings] Flag 'help': 'False'
[2025-05-12 09:49:40Z INFO CommandSettings] Flag 'version': 'False'
[2025-05-12 09:49:40Z INFO CommandSettings] Flag 'commit': 'False'
[2025-05-12 09:49:40Z INFO CommandSettings] Flag 'check': 'False'
[2025-05-12 09:49:40Z INFO CommandSettings] Command 'configure': 'False'
[2025-05-12 09:49:40Z INFO CommandSettings] Command 'remove': 'False'
[2025-05-12 09:49:40Z INFO CommandSettings] Command 'warmup': 'False'
[2025-05-12 09:49:40Z INFO ConfigurationManager] LoadSettings
[2025-05-12 09:49:40Z INFO ConfigurationStore] IsConfigured()
[2025-05-12 09:49:40Z INFO ConfigurationStore] IsConfigured: True
[2025-05-12 09:49:40Z INFO ConfigurationManager] Is configured: True
[2025-05-12 09:49:40Z INFO ConfigurationStore] Read setting file: 311 chars
[2025-05-12 09:49:40Z INFO ConfigurationManager] Settings Loaded
[2025-05-12 09:49:40Z INFO ConfigurationStore] IsServiceConfigured()
[2025-05-12 09:49:40Z INFO ConfigurationStore] IsServiceConfigured: True
[2025-05-12 09:49:40Z INFO CommandSettings] Command 'run': 'True'
[2025-05-12 09:49:40Z INFO ConfigurationStore] IsConfigured()
[2025-05-12 09:49:40Z INFO ConfigurationStore] IsConfigured: True
[2025-05-12 09:49:40Z INFO ConfigurationManager] Is configured: True
[2025-05-12 09:49:40Z INFO Runner] Try determine runner startup type base on console redirects.
[2025-05-12 09:49:40Z INFO Runner] Set runner startup type - Manual
[2025-05-12 09:49:40Z INFO CommandSettings] Flag 'once': 'False'
[2025-05-12 09:49:40Z INFO CommandSettings] Flag 'once': 'False'
[2025-05-12 09:49:40Z INFO Runner] RunAsync
[2025-05-12 09:49:40Z INFO ConfigurationManager] LoadSettings
[2025-05-12 09:49:40Z INFO ConfigurationStore] IsConfigured()
[2025-05-12 09:49:40Z INFO ConfigurationStore] IsConfigured: True
[2025-05-12 09:49:40Z INFO ConfigurationManager] Is configured: True
[2025-05-12 09:49:40Z INFO ConfigurationManager] Settings Loaded
[2025-05-12 09:49:40Z INFO MessageListener] {
  "AgentId": 2,
  "AgentName": "SENAD",
  "PoolId": 1,
  "PoolName": "Default",
  "ServerUrl": "https://pipelinesghubeus14.actions.githubusercontent.com/hZSaElmMbImhC8FHDY2LAuX8xYbjIlKtxIoQG7c52WMG2J3hyA/",
  "GitHubUrl": "https://github.com/SenadSalkanovic2002/GitHooks",
  "WorkFolder": "GitHooks"
}
[2025-05-12 09:49:40Z INFO MessageListener] Loading Credentials
[2025-05-12 09:49:40Z INFO ConfigurationStore] HasCredentials()
[2025-05-12 09:49:40Z INFO ConfigurationStore] stored True
[2025-05-12 09:49:40Z INFO CredentialManager] GetCredentialProvider
[2025-05-12 09:49:40Z INFO CredentialManager] Creating type OAuth
[2025-05-12 09:49:40Z INFO CredentialManager] Creating credential type: OAuth
[2025-05-12 09:49:40Z INFO HostContext] Well known directory 'Bin': 'C:\Users\legen\OneDrive\Dokumenti\GitHub\GitHooks\actions-runner\bin'
[2025-05-12 09:49:40Z INFO HostContext] Well known directory 'Root': 'C:\Users\legen\OneDrive\Dokumenti\GitHub\GitHooks\actions-runner'
[2025-05-12 09:49:40Z INFO HostContext] Well known config file 'RSACredentials': 'C:\Users\legen\OneDrive\Dokumenti\GitHub\GitHooks\actions-runner\.credentials_rsaparams'
[2025-05-12 09:49:40Z INFO RSAEncryptedFileKeyManager] Loading RSA key parameters from file C:\Users\legen\OneDrive\Dokumenti\GitHub\GitHooks\actions-runner\.credentials_rsaparams
[2025-05-12 09:49:40Z INFO MessageListener] Attempt to create session.
[2025-05-12 09:49:40Z INFO MessageListener] Connecting to the Runner Server...
[2025-05-12 09:49:40Z INFO RunnerServer] EstablishVssConnection
[2025-05-12 09:49:40Z INFO RunnerServer] Establish connection with 100 seconds timeout.
[2025-05-12 09:49:40Z INFO GitHubActionsService] Starting operation Location.GetConnectionData
[2025-05-12 09:49:40Z INFO RunnerServer] EstablishVssConnection
[2025-05-12 09:49:40Z INFO RunnerServer] Establish connection with 60 seconds timeout.
[2025-05-12 09:49:40Z INFO GitHubActionsService] Starting operation Location.GetConnectionData
[2025-05-12 09:49:40Z INFO RunnerServer] EstablishVssConnection
[2025-05-12 09:49:40Z INFO RunnerServer] Establish connection with 60 seconds timeout.
[2025-05-12 09:49:40Z INFO GitHubActionsService] Starting operation Location.GetConnectionData
[2025-05-12 09:49:41Z INFO GitHubActionsService] Finished operation Location.GetConnectionData
[2025-05-12 09:49:41Z INFO GitHubActionsService] Finished operation Location.GetConnectionData
[2025-05-12 09:49:41Z INFO GitHubActionsService] Finished operation Location.GetConnectionData
[2025-05-12 09:49:41Z INFO MessageListener] VssConnection created
[2025-05-12 09:49:41Z INFO Terminal] WRITE LINE: 
[2025-05-12 09:49:41Z INFO Terminal] WRITE LINE: 
[2025-05-12 09:49:41Z INFO RSAEncryptedFileKeyManager] Loading RSA key parameters from file C:\Users\legen\OneDrive\Dokumenti\GitHub\GitHooks\actions-runner\.credentials_rsaparams
[2025-05-12 09:49:41Z INFO RSAEncryptedFileKeyManager] Loading RSA key parameters from file C:\Users\legen\OneDrive\Dokumenti\GitHub\GitHooks\actions-runner\.credentials_rsaparams
[2025-05-12 09:49:42Z INFO GitHubActionsService] AAD Correlation ID for this token request: Unknown
[2025-05-12 09:49:42Z INFO MessageListener] Session created.
[2025-05-12 09:49:42Z INFO Terminal] WRITE LINE: Current runner version: '2.323.0'
[2025-05-12 09:49:42Z INFO Terminal] WRITE LINE: 2025-05-12 09:49:42Z: Listening for Jobs
[2025-05-12 09:49:42Z INFO JobDispatcher] Set runner/worker IPC timeout to 30 seconds.
[2025-05-12 09:49:42Z INFO RSAEncryptedFileKeyManager] Loading RSA key parameters from file C:\Users\legen\OneDrive\Dokumenti\GitHub\GitHooks\actions-runner\.credentials_rsaparams
[2025-05-12 09:49:43Z INFO GitHubActionsService] AAD Correlation ID for this token request: Unknown
